<?xml version="1.0" encoding="UTF-8"?>
<testng-results ignored="0" total="2" passed="2" failed="0" skipped="0">
  <reporter-output>
  </reporter-output>
  <suite started-at="2018-09-06T15:12:29Z" name="Test Grid" finished-at="2018-09-06T15:12:33Z" duration-ms="4169">
    <groups>
    </groups>
    <test started-at="2018-09-06T15:12:29Z" name="Test Node1" finished-at="2018-09-06T15:12:33Z" duration-ms="3942">
      <class name="Gridtest.Node1">
        <test-method signature="f()[pri:0, instance:Gridtest.Node1@394a2528]" started-at="2018-09-06T15:12:29Z" name="f" finished-at="2018-09-06T15:12:33Z" duration-ms="3913" status="PASS">
          <reporter-output>
          </reporter-output>
        </test-method> <!-- f -->
      </class> <!-- Gridtest.Node1 -->
    </test> <!-- Test Node1 -->
    <test started-at="2018-09-06T15:12:29Z" name="Test Node2" finished-at="2018-09-06T15:12:33Z" duration-ms="4169">
      <class name="Gridtest.Node2">
        <test-method signature="f()[pri:0, instance:Gridtest.Node2@c03cf28]" started-at="2018-09-06T15:12:29Z" name="f" finished-at="2018-09-06T15:12:33Z" duration-ms="4147" status="PASS">
          <reporter-output>
          </reporter-output>
        </test-method> <!-- f -->
      </class> <!-- Gridtest.Node2 -->
    </test> <!-- Test Node2 -->
  </suite> <!-- Test Grid -->
</testng-results>
